<?xml version="1.0" encoding="UTF-8"?>
<!-- Generated by org.testng.reporters.JUnitReportReporter -->
<testsuite hostname="DELL-PC" name="sample.demo.test.MedicineTest" tests="1" failures="0" timestamp="16 Jun 2019 10:45:08 GMT" time="0.034" errors="0">
  <testcase name="f" time="0.034" classname="sample.demo.test.MedicineTest"/>
</testsuite> <!-- sample.demo.test.MedicineTest -->
